<?xml version="1.0" encoding="UTF-8"?>
<!-- Generated by org.testng.reporters.JUnitReportReporter -->
<testsuite hostname="DESKTOP-I3R9PLS" failures="0" tests="5" name="testngDemo.Attributesofannotations1" time="0.021" errors="0" timestamp="2023-01-18T12:03:08 IST" skipped="0">
  <testcase classname="testngDemo.Attributesofannotations1" name="homePage" time="0.013"/>
  <system-out/>
  <testcase classname="testngDemo.Attributesofannotations1" name="login" time="0.002"/>
  <system-out/>
  <testcase classname="testngDemo.Attributesofannotations1" name="profileview" time="0.002"/>
  <system-out/>
  <testcase classname="testngDemo.Attributesofannotations1" name="signup" time="0.002"/>
  <system-out/>
  <testcase classname="testngDemo.Attributesofannotations1" name="login1" time="0.002"/>
  <system-out/>
</testsuite> <!-- testngDemo.Attributesofannotations1 -->
