<?xml version="1.0" encoding="UTF-8"?>
<!-- Generated by org.testng.reporters.JUnitReportReporter -->
<testsuite hostname="DESKTOP-I3R9PLS" failures="0" tests="1" name="retry.RetrysuiteClass2" time="4.414" errors="0" timestamp="2023-02-17T21:08:06 IST" skipped="0">
  <testcase classname="retry.RetrysuiteClass2" name="demo2" time="4.414"/>
  <system-out/>
</testsuite> <!-- retry.RetrysuiteClass2 -->
