<?xml version="1.0" encoding="UTF-8"?>
<!-- Generated by org.testng.reporters.JUnitReportReporter -->
<testsuite hostname="DESKTOP-I3R9PLS" failures="0" tests="1" name="testngDemo.SoftAssertDemo" time="7.800" errors="0" timestamp="2023-01-19T11:40:04 IST" skipped="0">
  <testcase classname="testngDemo.SoftAssertDemo" name="assertation" time="7.800"/>
  <system-out/>
</testsuite> <!-- testngDemo.SoftAssertDemo -->
