<?xml version="1.0" encoding="UTF-8"?>
<!-- Generated by org.testng.reporters.JUnitReportReporter -->
<testsuite hostname="DESKTOP-I3R9PLS" failures="0" tests="4" name="testngDemo.AttributesOfAnnotations" time="0.008" errors="0" timestamp="2023-01-11T12:02:31 IST" skipped="1">
  <testcase classname="testngDemo.AttributesOfAnnotations" name="login" time="0.001"/>
  <system-out/>
  <testcase classname="testngDemo.AttributesOfAnnotations" name="profileview" time="0.001"/>
  <system-out/>
  <testcase classname="testngDemo.AttributesOfAnnotations" name="homePage" time="0.006"/>
  <system-out/>
  <testcase classname="testngDemo.AttributesOfAnnotations" name="signup">
    <skipped/>
  </testcase> <!-- signup -->
  <system-out/>
</testsuite> <!-- testngDemo.AttributesOfAnnotations -->
