<?xml version="1.0" encoding="UTF-8"?>
<!-- Generated by org.testng.reporters.JUnitReportReporter -->
<testsuite hostname="DESKTOP-I3R9PLS" failures="0" tests="5" name="attributesOfAnnotations.Attributesofannotations1" time="0.007" errors="0" timestamp="2023-02-27T13:39:00 IST" skipped="0">
  <testcase classname="attributesOfAnnotations.Attributesofannotations1" name="homePage" time="0.001"/>
  <system-out/>
  <testcase classname="attributesOfAnnotations.Attributesofannotations1" name="login" time="0.001"/>
  <system-out/>
  <testcase classname="attributesOfAnnotations.Attributesofannotations1" name="profileview" time="0.003"/>
  <system-out/>
  <testcase classname="attributesOfAnnotations.Attributesofannotations1" name="signup" time="0.001"/>
  <system-out/>
  <testcase classname="attributesOfAnnotations.Attributesofannotations1" name="login1" time="0.001"/>
  <system-out/>
</testsuite> <!-- attributesOfAnnotations.Attributesofannotations1 -->
