<?xml version="1.0" encoding="UTF-8"?>
<!-- Generated by org.testng.reporters.JUnitReportReporter -->
<testsuite hostname="DESKTOP-I3R9PLS" failures="0" tests="1" name="retry.RetrySuiteLevel" time="7.006" errors="0" timestamp="2023-02-17T21:08:06 IST" skipped="0">
  <testcase classname="retry.RetrySuiteLevel" name="demo" time="7.006"/>
  <system-out/>
</testsuite> <!-- retry.RetrySuiteLevel -->
