<?xml version="1.0" encoding="UTF-8"?>
<!-- Generated by org.testng.reporters.JUnitReportReporter -->
<testsuite hostname="DESKTOP-I3R9PLS" failures="0" tests="2" name="testngDemo.Secondtestng" time="0.006" errors="0" timestamp="2023-02-27T13:39:00 IST" skipped="0">
  <testcase classname="testngDemo.Secondtestng" name="profileview" time="0.001"/>
  <system-out/>
  <testcase classname="testngDemo.Secondtestng" name="homePage" time="0.005"/>
  <system-out/>
</testsuite> <!-- testngDemo.Secondtestng -->
