<?xml version="1.0" encoding="UTF-8"?>
<!-- Generated by org.testng.reporters.JUnitReportReporter -->
<testsuite hostname="DESKTOP-I3R9PLS" failures="0" tests="2" name="testngDemo.FirstSetup" time="24.250" errors="0" timestamp="2023-02-27T13:39:00 IST" skipped="0">
  <testcase classname="testngDemo.FirstSetup" name="launchpage1" time="7.712"/>
  <system-out/>
  <testcase classname="testngDemo.FirstSetup" name="launchpage2" time="16.538"/>
  <system-out/>
</testsuite> <!-- testngDemo.FirstSetup -->
