<?xml version="1.0" encoding="UTF-8"?>
<!-- Generated by org.testng.reporters.JUnitReportReporter -->
<testsuite hostname="DESKTOP-I3R9PLS" failures="0" tests="4" name="reporters.Demo" time="0.012" errors="0" timestamp="2023-02-17T21:39:33 IST" skipped="0">
  <testcase classname="reporters.Demo" name="test2" time="0.002"/>
  <system-out>
    <![CDATA[Method name is  :test2
This is test2
Status of execution is  :1]]>
  </system-out>
  <testcase classname="reporters.Demo" name="test4" time="0.001"/>
  <system-out>
    <![CDATA[Method name is  :test4
This is test4
Status of execution is  :1]]>
  </system-out>
  <testcase classname="reporters.Demo" name="test1" time="0.008"/>
  <system-out>
    <![CDATA[Method name is  :test1
This is test1
Status of execution is  :1]]>
  </system-out>
  <testcase classname="reporters.Demo" name="test3" time="0.001"/>
  <system-out>
    <![CDATA[Method name is  :test3
This is test3
Status of execution is  :1]]>
  </system-out>
</testsuite> <!-- reporters.Demo -->
